/dcs/21/u2110391/CS407/Machine-Unlearning-x-Continual-Learning/negGem/net.py:204: UserWarning: The torch.cuda.*DtypeTensor constructors are no longer recommended. It's best to use methods such as torch.tensor(data, dtype=*, device='cuda') to create tensors. (Triggered internally at /pytorch/torch/csrc/tensor/python_tensor.cpp:78.)
  indx = torch.cuda.LongTensor(self.observed_tasks[:-1]) if self.gpu \
multiprocessing.pool.RemoteTraceback: 
"""
Traceback (most recent call last):
  File "/usr/lib64/python3.12/multiprocessing/pool.py", line 125, in worker
    result = (True, func(*args, **kwds))
                    ^^^^^^^^^^^^^^^^^^^
  File "/usr/lib64/python3.12/multiprocessing/pool.py", line 51, in starmapstar
    return list(itertools.starmap(args[0], args[1]))
           ^^^^^^^^^^^^^^^^^^^^^^^^^^^^^^^^^^^^^^^^^
  File "/dcs/21/u2110391/CS407/Machine-Unlearning-x-Continual-Learning/negGemGradSalunMIA.py", line 506, in single_run
    ALL_TASK_MIA_RESULTS) = run_cifar('GEM', args, device=dev, mem_data_local=mem_data_local, newclasses=SHUFFLEDCLASSES, task_sequence=task_sequence)
                            ^^^^^^^^^^^^^^^^^^^^^^^^^^^^^^^^^^^^^^^^^^^^^^^^^^^^^^^^^^^^^^^^^^^^^^^^^^^^^^^^^^^^^^^^^^^^^^^^^^^^^^^^^^^^^^^^^^^^^^^^^^
  File "/dcs/21/u2110391/CS407/Machine-Unlearning-x-Continual-Learning/negGemGradSalunMIA.py", line 262, in run_cifar
    forget_labels=model.learn_memory_labels[0],
                  ^^^^^^^^^^^^^^^^^^^^^^^^^
  File "/dcs/21/u2110391/.local/lib/python3.12/site-packages/torch/nn/modules/module.py", line 1928, in __getattr__
    raise AttributeError(
AttributeError: 'Net' object has no attribute 'learn_memory_labels'. Did you mean: 'learn_memory_labs'?
"""

The above exception was the direct cause of the following exception:

Traceback (most recent call last):
  File "/dcs/21/u2110391/CS407/Machine-Unlearning-x-Continual-Learning/negGemGradSalunMIA.py", line 583, in <module>
    batch_results = pool.starmap(
                    ^^^^^^^^^^^^^
  File "/usr/lib64/python3.12/multiprocessing/pool.py", line 375, in starmap
    return self._map_async(func, iterable, starmapstar, chunksize).get()
           ^^^^^^^^^^^^^^^^^^^^^^^^^^^^^^^^^^^^^^^^^^^^^^^^^^^^^^^^^^^^^
  File "/usr/lib64/python3.12/multiprocessing/pool.py", line 774, in get
    raise self._value
AttributeError: 'Net' object has no attribute 'learn_memory_labels'

real	0m59.185s
user	0m42.752s
sys	0m1.143s

real	0m1.292s
user	0m1.114s
sys	0m0.100s
mv: cannot stat './Results*': No such file or directory
