/dcs/large/u2140671/drop-table/Machine-Unlearning-x-Continual-Learning/negGem/net.py:205: UserWarning: The torch.cuda.*DtypeTensor constructors are no longer recommended. It's best to use methods such as torch.tensor(data, dtype=*, device='cuda') to create tensors. (Triggered internally at /pytorch/torch/csrc/tensor/python_tensor.cpp:78.)
  indx = torch.cuda.LongTensor(self.observed_tasks[:-1]) if self.gpu \
/dcs/large/u2140671/drop-table/Machine-Unlearning-x-Continual-Learning/negGem/net.py:205: UserWarning: The torch.cuda.*DtypeTensor constructors are no longer recommended. It's best to use methods such as torch.tensor(data, dtype=*, device='cuda') to create tensors. (Triggered internally at /pytorch/torch/csrc/tensor/python_tensor.cpp:78.)
  indx = torch.cuda.LongTensor(self.observed_tasks[:-1]) if self.gpu \
/dcs/large/u2140671/drop-table/Machine-Unlearning-x-Continual-Learning/negGem/net.py:205: UserWarning: The torch.cuda.*DtypeTensor constructors are no longer recommended. It's best to use methods such as torch.tensor(data, dtype=*, device='cuda') to create tensors. (Triggered internally at /pytorch/torch/csrc/tensor/python_tensor.cpp:78.)
  indx = torch.cuda.LongTensor(self.observed_tasks[:-1]) if self.gpu \
mv: cannot stat '*.pt': No such file or directory

real	245m54.807s
user	3644m48.086s
sys	159m39.881s
/dcs/large/u2140671/drop-table/Machine-Unlearning-x-Continual-Learning/negGem/net.py:189: UserWarning: The torch.cuda.*DtypeTensor constructors are no longer recommended. It's best to use methods such as torch.tensor(data, dtype=*, device='cuda') to create tensors. (Triggered internally at /pytorch/torch/csrc/tensor/python_tensor.cpp:78.)
  indx = torch.cuda.LongTensor(self.observed_tasks[:-1]) if self.gpu \
/pytorch/aten/src/ATen/native/cuda/Loss.cu:250: nll_loss_forward_reduce_cuda_kernel_2d: block: [0,0,0], thread: [0,0,0] Assertion `t >= 0 && t < n_classes` failed.
multiprocessing.pool.RemoteTraceback: 
"""
Traceback (most recent call last):
  File "/usr/lib64/python3.12/multiprocessing/pool.py", line 125, in worker
    result = (True, func(*args, **kwds))
                    ^^^^^^^^^^^^^^^^^^^
  File "/usr/lib64/python3.12/multiprocessing/pool.py", line 51, in starmapstar
    return list(itertools.starmap(args[0], args[1]))
           ^^^^^^^^^^^^^^^^^^^^^^^^^^^^^^^^^^^^^^^^^
  File "/dcs/large/u2140671/drop-table/Machine-Unlearning-x-Continual-Learning/negGemGradA4.py", line 456, in single_run
    ALL_TASK_CONFIDENCES_TRAIN) = run_cifar(learning_algorithm, args, device=dev, mem_data_local=mem_data_local, newclasses=SHUFFLEDCLASSES, task_sequence=task_sequence)
                                  ^^^^^^^^^^^^^^^^^^^^^^^^^^^^^^^^^^^^^^^^^^^^^^^^^^^^^^^^^^^^^^^^^^^^^^^^^^^^^^^^^^^^^^^^^^^^^^^^^^^^^^^^^^^^^^^^^^^^^^^^^^^^^^^^^^^^^^^
  File "/dcs/large/u2140671/drop-table/Machine-Unlearning-x-Continual-Learning/negGemGradA4.py", line 301, in run_cifar
    mask = model.unlearn(unlearning_algo, task_to_unlearn, x1=j, x2=j + args.unlearn_batch_size, alpha=args.alpha, mask=mask)
           ^^^^^^^^^^^^^^^^^^^^^^^^^^^^^^^^^^^^^^^^^^^^^^^^^^^^^^^^^^^^^^^^^^^^^^^^^^^^^^^^^^^^^^^^^^^^^^^^^^^^^^^^^^^^^^^^^^
  File "/dcs/large/u2140671/drop-table/Machine-Unlearning-x-Continual-Learning/negGem/net.py", line 416, in unlearn
    loss.backward()
  File "/dcs/21/u2140671/.local/lib/python3.12/site-packages/torch/_tensor.py", line 626, in backward
    torch.autograd.backward(
  File "/dcs/21/u2140671/.local/lib/python3.12/site-packages/torch/autograd/__init__.py", line 347, in backward
    _engine_run_backward(
  File "/dcs/21/u2140671/.local/lib/python3.12/site-packages/torch/autograd/graph.py", line 823, in _engine_run_backward
    return Variable._execution_engine.run_backward(  # Calls into the C++ engine to run the backward pass
           ^^^^^^^^^^^^^^^^^^^^^^^^^^^^^^^^^^^^^^^^^^^^^^^^^^^^^^^^^^^^^^^^^^^^^^^^^^^^^^^^^^^^^^^^^^^^^^
RuntimeError: CUDA error: CUBLAS_STATUS_EXECUTION_FAILED when calling `cublasSgemm( handle, opa, opb, m, n, k, &alpha, a, lda, b, ldb, &beta, c, ldc)`
"""

The above exception was the direct cause of the following exception:

Traceback (most recent call last):
  File "/dcs/large/u2140671/drop-table/Machine-Unlearning-x-Continual-Learning/negGemGradA4.py", line 548, in <module>
    batch_results = pool.starmap(
                    ^^^^^^^^^^^^^
  File "/usr/lib64/python3.12/multiprocessing/pool.py", line 375, in starmap
    return self._map_async(func, iterable, starmapstar, chunksize).get()
           ^^^^^^^^^^^^^^^^^^^^^^^^^^^^^^^^^^^^^^^^^^^^^^^^^^^^^^^^^^^^^
  File "/usr/lib64/python3.12/multiprocessing/pool.py", line 774, in get
    raise self._value
RuntimeError: CUDA error: CUBLAS_STATUS_EXECUTION_FAILED when calling `cublasSgemm( handle, opa, opb, m, n, k, &alpha, a, lda, b, ldb, &beta, c, ldc)`

real	20m5.765s
user	34m30.050s
sys	0m20.441s
/dcs/large/u2140671/drop-table/Machine-Unlearning-x-Continual-Learning/negGem/net.py:189: UserWarning: The torch.cuda.*DtypeTensor constructors are no longer recommended. It's best to use methods such as torch.tensor(data, dtype=*, device='cuda') to create tensors. (Triggered internally at /pytorch/torch/csrc/tensor/python_tensor.cpp:78.)
  indx = torch.cuda.LongTensor(self.observed_tasks[:-1]) if self.gpu \
/dcs/large/u2140671/drop-table/Machine-Unlearning-x-Continual-Learning/negGem/net.py:189: UserWarning: The torch.cuda.*DtypeTensor constructors are no longer recommended. It's best to use methods such as torch.tensor(data, dtype=*, device='cuda') to create tensors. (Triggered internally at /pytorch/torch/csrc/tensor/python_tensor.cpp:78.)
  indx = torch.cuda.LongTensor(self.observed_tasks[:-1]) if self.gpu \
/dcs/large/u2140671/drop-table/Machine-Unlearning-x-Continual-Learning/negGem/net.py:189: UserWarning: The torch.cuda.*DtypeTensor constructors are no longer recommended. It's best to use methods such as torch.tensor(data, dtype=*, device='cuda') to create tensors. (Triggered internally at /pytorch/torch/csrc/tensor/python_tensor.cpp:78.)
  indx = torch.cuda.LongTensor(self.observed_tasks[:-1]) if self.gpu \
mv: cannot stat '*.pt': No such file or directory

real	78m7.619s
user	153m20.003s
sys	2m5.998s
/dcs/large/u2140671/drop-table/Machine-Unlearning-x-Continual-Learning/negGem/net.py:205: UserWarning: The torch.cuda.*DtypeTensor constructors are no longer recommended. It's best to use methods such as torch.tensor(data, dtype=*, device='cuda') to create tensors. (Triggered internally at /pytorch/torch/csrc/tensor/python_tensor.cpp:78.)
  indx = torch.cuda.LongTensor(self.observed_tasks[:-1]) if self.gpu \
/dcs/large/u2140671/drop-table/Machine-Unlearning-x-Continual-Learning/negGem/net.py:205: UserWarning: The torch.cuda.*DtypeTensor constructors are no longer recommended. It's best to use methods such as torch.tensor(data, dtype=*, device='cuda') to create tensors. (Triggered internally at /pytorch/torch/csrc/tensor/python_tensor.cpp:78.)
  indx = torch.cuda.LongTensor(self.observed_tasks[:-1]) if self.gpu \
/dcs/large/u2140671/drop-table/Machine-Unlearning-x-Continual-Learning/negGem/net.py:205: UserWarning: The torch.cuda.*DtypeTensor constructors are no longer recommended. It's best to use methods such as torch.tensor(data, dtype=*, device='cuda') to create tensors. (Triggered internally at /pytorch/torch/csrc/tensor/python_tensor.cpp:78.)
  indx = torch.cuda.LongTensor(self.observed_tasks[:-1]) if self.gpu \
mv: cannot stat '*.pt': No such file or directory

real	209m55.513s
user	3038m47.512s
sys	140m30.205s
/dcs/large/u2140671/drop-table/Machine-Unlearning-x-Continual-Learning/negGem/net.py:205: UserWarning: The torch.cuda.*DtypeTensor constructors are no longer recommended. It's best to use methods such as torch.tensor(data, dtype=*, device='cuda') to create tensors. (Triggered internally at /pytorch/torch/csrc/tensor/python_tensor.cpp:78.)
  indx = torch.cuda.LongTensor(self.observed_tasks[:-1]) if self.gpu \
/dcs/large/u2140671/drop-table/Machine-Unlearning-x-Continual-Learning/negGem/net.py:205: UserWarning: The torch.cuda.*DtypeTensor constructors are no longer recommended. It's best to use methods such as torch.tensor(data, dtype=*, device='cuda') to create tensors. (Triggered internally at /pytorch/torch/csrc/tensor/python_tensor.cpp:78.)
  indx = torch.cuda.LongTensor(self.observed_tasks[:-1]) if self.gpu \
/dcs/large/u2140671/drop-table/Machine-Unlearning-x-Continual-Learning/negGem/net.py:205: UserWarning: The torch.cuda.*DtypeTensor constructors are no longer recommended. It's best to use methods such as torch.tensor(data, dtype=*, device='cuda') to create tensors. (Triggered internally at /pytorch/torch/csrc/tensor/python_tensor.cpp:78.)
  indx = torch.cuda.LongTensor(self.observed_tasks[:-1]) if self.gpu \
mv: cannot stat '*.pt': No such file or directory

real	211m11.164s
user	3084m44.293s
sys	134m36.071s
/dcs/large/u2140671/drop-table/Machine-Unlearning-x-Continual-Learning/negGem/net.py:205: UserWarning: The torch.cuda.*DtypeTensor constructors are no longer recommended. It's best to use methods such as torch.tensor(data, dtype=*, device='cuda') to create tensors. (Triggered internally at /pytorch/torch/csrc/tensor/python_tensor.cpp:78.)
  indx = torch.cuda.LongTensor(self.observed_tasks[:-1]) if self.gpu \
/dcs/large/u2140671/drop-table/Machine-Unlearning-x-Continual-Learning/negGem/net.py:205: UserWarning: The torch.cuda.*DtypeTensor constructors are no longer recommended. It's best to use methods such as torch.tensor(data, dtype=*, device='cuda') to create tensors. (Triggered internally at /pytorch/torch/csrc/tensor/python_tensor.cpp:78.)
  indx = torch.cuda.LongTensor(self.observed_tasks[:-1]) if self.gpu \
/dcs/large/u2140671/drop-table/Machine-Unlearning-x-Continual-Learning/negGem/net.py:205: UserWarning: The torch.cuda.*DtypeTensor constructors are no longer recommended. It's best to use methods such as torch.tensor(data, dtype=*, device='cuda') to create tensors. (Triggered internally at /pytorch/torch/csrc/tensor/python_tensor.cpp:78.)
  indx = torch.cuda.LongTensor(self.observed_tasks[:-1]) if self.gpu \
slurmstepd: error: *** JOB 1149323 ON gecko-01 CANCELLED AT 2025-04-27T00:12:01 ***
