multiprocessing.pool.RemoteTraceback: 
"""
Traceback (most recent call last):
  File "/usr/lib64/python3.12/multiprocessing/pool.py", line 125, in worker
    result = (True, func(*args, **kwds))
                    ^^^^^^^^^^^^^^^^^^^
  File "/usr/lib64/python3.12/multiprocessing/pool.py", line 51, in starmapstar
    return list(itertools.starmap(args[0], args[1]))
           ^^^^^^^^^^^^^^^^^^^^^^^^^^^^^^^^^^^^^^^^^
  File "/dcs/21/u2110391/CS407/Machine-Unlearning-x-Continual-Learning/negGemGradSalunMIAsaved.py", line 506, in single_run
    ALL_TASK_MIA_RESULTS) = run_cifar('GEM', args, device=dev, mem_data_local=mem_data_local, newclasses=SHUFFLEDCLASSES, task_sequence=task_sequence)
                            ^^^^^^^^^^^^^^^^^^^^^^^^^^^^^^^^^^^^^^^^^^^^^^^^^^^^^^^^^^^^^^^^^^^^^^^^^^^^^^^^^^^^^^^^^^^^^^^^^^^^^^^^^^^^^^^^^^^^^^^^^^
  File "/dcs/21/u2110391/CS407/Machine-Unlearning-x-Continual-Learning/negGemGradSalunMIAsaved.py", line 119, in run_cifar
    model = torch.load("MIA5/10TrainedModel.pt", map_location=torch.device("cuda" if torch.cuda.is_available() else "cpu"))
        ^^^^^^^^^^^^^^^^^^^^^^^^^^^^^^^^^^^^^^^^^^^^^^^^^^^^^^^^^^^^^^^^^^^^^^^^^^^^^^^^^^^^^^^^^^^^^^^^^^^^^^^^^^^^^^^
  File "/dcs/21/u2110391/.local/lib/python3.12/site-packages/torch/serialization.py", line 1470, in load
    raise pickle.UnpicklingError(_get_wo_message(str(e))) from None
_pickle.UnpicklingError: Weights only load failed. This file can still be loaded, to do so you have two options, [1mdo those steps only if you trust the source of the checkpoint[0m. 
	(1) In PyTorch 2.6, we changed the default value of the `weights_only` argument in `torch.load` from `False` to `True`. Re-running `torch.load` with `weights_only` set to `False` will likely succeed, but it can result in arbitrary code execution. Do it only if you got the file from a trusted source.
	(2) Alternatively, to load with `weights_only=True` please check the recommended steps in the following error message.
	WeightsUnpickler error: Unsupported global: GLOBAL negGem.net.Net was not an allowed global by default. Please use `torch.serialization.add_safe_globals([Net])` or the `torch.serialization.safe_globals([Net])` context manager to allowlist this global if you trust this class/function.

Check the documentation of torch.load to learn more about types accepted by default with weights_only https://pytorch.org/docs/stable/generated/torch.load.html.
"""

The above exception was the direct cause of the following exception:

Traceback (most recent call last):
  File "/dcs/21/u2110391/CS407/Machine-Unlearning-x-Continual-Learning/negGemGradSalunMIAsaved.py", line 583, in <module>
    batch_results = pool.starmap(
                    ^^^^^^^^^^^^^
  File "/usr/lib64/python3.12/multiprocessing/pool.py", line 375, in starmap
    return self._map_async(func, iterable, starmapstar, chunksize).get()
           ^^^^^^^^^^^^^^^^^^^^^^^^^^^^^^^^^^^^^^^^^^^^^^^^^^^^^^^^^^^^^
  File "/usr/lib64/python3.12/multiprocessing/pool.py", line 774, in get
    raise self._value
_pickle.UnpicklingError: Weights only load failed. This file can still be loaded, to do so you have two options, [1mdo those steps only if you trust the source of the checkpoint[0m. 
	(1) In PyTorch 2.6, we changed the default value of the `weights_only` argument in `torch.load` from `False` to `True`. Re-running `torch.load` with `weights_only` set to `False` will likely succeed, but it can result in arbitrary code execution. Do it only if you got the file from a trusted source.
	(2) Alternatively, to load with `weights_only=True` please check the recommended steps in the following error message.
	WeightsUnpickler error: Unsupported global: GLOBAL negGem.net.Net was not an allowed global by default. Please use `torch.serialization.add_safe_globals([Net])` or the `torch.serialization.safe_globals([Net])` context manager to allowlist this global if you trust this class/function.

Check the documentation of torch.load to learn more about types accepted by default with weights_only https://pytorch.org/docs/stable/generated/torch.load.html.

real	0m18.352s
user	0m4.374s
sys	0m0.913s

real	0m1.135s
user	0m1.097s
sys	0m0.098s
mv: cannot stat './Results*': No such file or directory
